<?xml version="1.0" encoding="UTF-8"?>
<!-- Generated by org.testng.reporters.JUnitXMLReporter -->
<testsuite hostname="DESKTOP-Q00F70N" ignored="0" tests="14" failures="0" timestamp="27 May 2021 17:19:45 GMT" time="26.641" errors="0">
  <testcase name="testConfirmAccept" time="0.318" classname="AlertsTest"/>
  <testcase name="testConfirmDismiss" time="0.169" classname="AlertsTest"/>
  <testcase name="testPrompt" time="0.229" classname="AlertsTest"/>
  <testcase name="testSimpleAlert" time="0.206" classname="AlertsTest"/>
  <testcase name="testDragDrop" time="0.341" classname="DragDropTest"/>
  <testcase name="testFrameByContents" time="0.17" classname="FramesTest"/>
  <testcase name="testFrameByIndex" time="0.063" classname="FramesTest"/>
  <testcase name="testFrameWithIdOrName" time="0.2" classname="FramesTest"/>
  <testcase name="testIFrame" time="2.026" classname="FramesTest"/>
  <testcase name="testDropdown" time="0.618" classname="SelectTest"/>
  <testcase name="testMultipleSelectList" time="0.825" classname="SelectTest"/>
  <testcase name="testWindowPopup" time="0.48" classname="WindowPopupTest"/>
  <testcase name="testWindowPopupUsingContents" time="0.478" classname="WindowPopupTest"/>
  <testcase name="testWindowPopupUsingTitle" time="0.421" classname="WindowPopupTest"/>
</testsuite>
